<?xml version="1.0" encoding="UTF-8"?>
<testng-results skipped="0" failed="2" total="8" passed="6">
  <reporter-output>
  </reporter-output>
  <suite name="Suite" duration-ms="245314" started-at="2020-07-30T01:38:05Z" finished-at="2020-07-30T01:42:10Z">
    <groups>
    </groups>
    <test name="Test" duration-ms="245314" started-at="2020-07-30T01:38:05Z" finished-at="2020-07-30T01:42:10Z">
      <class name="com.scripts.AutoPractice.TESTAutoPracticeIncorrectValues">
        <test-method status="PASS" signature="openBrowser()[pri:0, instance:com.scripts.AutoPractice.TESTAutoPracticeIncorrectValues@5d624da6]" name="openBrowser" is-config="true" duration-ms="13911" started-at="2020-07-29T21:40:59Z" finished-at="2020-07-29T21:41:13Z">
          <reporter-output>
          </reporter-output>
        </test-method> <!-- openBrowser -->
        <test-method status="PASS" signature="values()[pri:0, instance:com.scripts.AutoPractice.TESTAutoPracticeIncorrectValues@5d624da6]" name="values" duration-ms="13353" started-at="2020-07-29T21:41:13Z" finished-at="2020-07-29T21:41:26Z">
          <reporter-output>
          </reporter-output>
        </test-method> <!-- values -->
        <test-method status="PASS" signature="closeBrowser()[pri:0, instance:com.scripts.AutoPractice.TESTAutoPracticeIncorrectValues@5d624da6]" name="closeBrowser" is-config="true" duration-ms="1" started-at="2020-07-29T21:41:26Z" finished-at="2020-07-29T21:41:26Z">
          <reporter-output>
          </reporter-output>
        </test-method> <!-- closeBrowser -->
      </class> <!-- com.scripts.AutoPractice.TESTAutoPracticeIncorrectValues -->
      <class name="com.scripts.AutoPractice.TESTAutoPracticeRegistration">
        <test-method status="PASS" signature="openBrowser()[pri:0, instance:com.scripts.AutoPractice.TESTAutoPracticeRegistration@2c6a3f77]" name="openBrowser" is-config="true" duration-ms="17276" started-at="2020-07-29T21:38:05Z" finished-at="2020-07-29T21:38:22Z">
          <reporter-output>
          </reporter-output>
        </test-method> <!-- openBrowser -->
        <test-method status="PASS" signature="registration()[pri:0, instance:com.scripts.AutoPractice.TESTAutoPracticeRegistration@2c6a3f77]" name="registration" duration-ms="14533" started-at="2020-07-29T21:38:22Z" finished-at="2020-07-29T21:38:37Z">
          <reporter-output>
          </reporter-output>
        </test-method> <!-- registration -->
        <test-method status="PASS" signature="closeBrowser()[pri:0, instance:com.scripts.AutoPractice.TESTAutoPracticeRegistration@2c6a3f77]" name="closeBrowser" is-config="true" duration-ms="1" started-at="2020-07-29T21:38:37Z" finished-at="2020-07-29T21:38:37Z">
          <reporter-output>
          </reporter-output>
        </test-method> <!-- closeBrowser -->
      </class> <!-- com.scripts.AutoPractice.TESTAutoPracticeRegistration -->
      <class name="com.scripts.AutoPractice.TESTAutoPracticeWishList">
        <test-method status="PASS" signature="openBrowser()[pri:0, instance:com.scripts.AutoPractice.TESTAutoPracticeWishList@5315b42e]" name="openBrowser" is-config="true" duration-ms="6114" started-at="2020-07-29T21:40:17Z" finished-at="2020-07-29T21:40:23Z">
          <reporter-output>
          </reporter-output>
        </test-method> <!-- openBrowser -->
        <test-method status="FAIL" signature="wish()[pri:0, instance:com.scripts.AutoPractice.TESTAutoPracticeWishList@5315b42e]" name="wish" duration-ms="20168" started-at="2020-07-29T21:40:23Z" finished-at="2020-07-29T21:40:43Z">
          <exception class="org.openqa.selenium.NoSuchElementException">
            <message>
              <![CDATA[no such element: Unable to locate element: {"method":"link text","selector":"Women"}
  (Session info: chrome=83.0.4103.116)
  (Driver info: chromedriver=83.0.4103.39 (ccbf011cb2d2b19b506d844400483861342c20cd-refs/branch-heads/4103@{#416}),platform=Windows NT 10.0.18362 x86_64) (WARNING: The server did not provide any stacktrace information)
Command duration or timeout: 20.13 seconds
For documentation on this error, please visit: http://seleniumhq.org/exceptions/no_such_element.html
Build info: version: '2.52.0', revision: '4c2593cfc3689a7fcd7be52549167e5ccc93ad28', time: '2016-02-11 11:22:43'
System info: host: 'DESKTOP-RT3F0M1', ip: '192.168.1.147', os.name: 'Windows 10', os.arch: 'amd64', os.version: '10.0', java.version: '1.8.0_211'
Driver info: org.openqa.selenium.chrome.ChromeDriver
Capabilities [{mobileEmulationEnabled=false, timeouts={implicit=0, pageLoad=300000, script=30000}, hasTouchScreen=false, platform=XP, acceptSslCerts=false, goog:chromeOptions={debuggerAddress=localhost:52525}, acceptInsecureCerts=false, webStorageEnabled=true, browserName=chrome, takesScreenshot=true, javascriptEnabled=true, setWindowRect=true, unexpectedAlertBehaviour=ignore, applicationCacheEnabled=false, rotatable=false, networkConnectionEnabled=false, chrome={chromedriverVersion=83.0.4103.39 (ccbf011cb2d2b19b506d844400483861342c20cd-refs/branch-heads/4103@{#416}), userDataDir=C:\Users\Sreya\AppData\Local\Temp\scoped_dir22440_1150388191}, takesHeapSnapshot=true, pageLoadStrategy=normal, strictFileInteractability=false, databaseEnabled=false, handlesAlerts=true, version=83.0.4103.116, browserConnectionEnabled=false, proxy={}, nativeEvents=true, locationContextEnabled=true, cssSelectorsEnabled=true, webauthn:virtualAuthenticators=true}]
Session ID: 42782853810dd4cbea917e54c9ac3bd3
*** Element info: {Using=link text, value=Women}]]>
            </message>
            <full-stacktrace>
              <![CDATA[org.openqa.selenium.NoSuchElementException: no such element: Unable to locate element: {"method":"link text","selector":"Women"}
  (Session info: chrome=83.0.4103.116)
  (Driver info: chromedriver=83.0.4103.39 (ccbf011cb2d2b19b506d844400483861342c20cd-refs/branch-heads/4103@{#416}),platform=Windows NT 10.0.18362 x86_64) (WARNING: The server did not provide any stacktrace information)
Command duration or timeout: 20.13 seconds
For documentation on this error, please visit: http://seleniumhq.org/exceptions/no_such_element.html
Build info: version: '2.52.0', revision: '4c2593cfc3689a7fcd7be52549167e5ccc93ad28', time: '2016-02-11 11:22:43'
System info: host: 'DESKTOP-RT3F0M1', ip: '192.168.1.147', os.name: 'Windows 10', os.arch: 'amd64', os.version: '10.0', java.version: '1.8.0_211'
Driver info: org.openqa.selenium.chrome.ChromeDriver
Capabilities [{mobileEmulationEnabled=false, timeouts={implicit=0, pageLoad=300000, script=30000}, hasTouchScreen=false, platform=XP, acceptSslCerts=false, goog:chromeOptions={debuggerAddress=localhost:52525}, acceptInsecureCerts=false, webStorageEnabled=true, browserName=chrome, takesScreenshot=true, javascriptEnabled=true, setWindowRect=true, unexpectedAlertBehaviour=ignore, applicationCacheEnabled=false, rotatable=false, networkConnectionEnabled=false, chrome={chromedriverVersion=83.0.4103.39 (ccbf011cb2d2b19b506d844400483861342c20cd-refs/branch-heads/4103@{#416}), userDataDir=C:\Users\Sreya\AppData\Local\Temp\scoped_dir22440_1150388191}, takesHeapSnapshot=true, pageLoadStrategy=normal, strictFileInteractability=false, databaseEnabled=false, handlesAlerts=true, version=83.0.4103.116, browserConnectionEnabled=false, proxy={}, nativeEvents=true, locationContextEnabled=true, cssSelectorsEnabled=true, webauthn:virtualAuthenticators=true}]
Session ID: 42782853810dd4cbea917e54c9ac3bd3
*** Element info: {Using=link text, value=Women}
	at sun.reflect.NativeConstructorAccessorImpl.newInstance0(Native Method)
	at sun.reflect.NativeConstructorAccessorImpl.newInstance(Unknown Source)
	at sun.reflect.DelegatingConstructorAccessorImpl.newInstance(Unknown Source)
	at java.lang.reflect.Constructor.newInstance(Unknown Source)
	at org.openqa.selenium.remote.ErrorHandler.createThrowable(ErrorHandler.java:206)
	at org.openqa.selenium.remote.ErrorHandler.throwIfResponseFailed(ErrorHandler.java:158)
	at org.openqa.selenium.remote.RemoteWebDriver.execute(RemoteWebDriver.java:678)
	at org.openqa.selenium.remote.RemoteWebDriver.findElement(RemoteWebDriver.java:363)
	at org.openqa.selenium.remote.RemoteWebDriver.findElementByLinkText(RemoteWebDriver.java:428)
	at org.openqa.selenium.By$ByLinkText.findElement(By.java:246)
	at org.openqa.selenium.remote.RemoteWebDriver.findElement(RemoteWebDriver.java:355)
	at org.openqa.selenium.support.pagefactory.DefaultElementLocator.findElement(DefaultElementLocator.java:69)
	at org.openqa.selenium.support.pagefactory.internal.LocatingElementHandler.invoke(LocatingElementHandler.java:38)
	at com.sun.proxy.$Proxy6.click(Unknown Source)
	at com.pages.AutoPractice.POMAutoPracticeWishListPage.wishList(POMAutoPracticeWishListPage.java:35)
	at com.scripts.AutoPractice.TESTAutoPracticeWishList.wish(TESTAutoPracticeWishList.java:14)
	at sun.reflect.NativeMethodAccessorImpl.invoke0(Native Method)
	at sun.reflect.NativeMethodAccessorImpl.invoke(Unknown Source)
	at sun.reflect.DelegatingMethodAccessorImpl.invoke(Unknown Source)
	at java.lang.reflect.Method.invoke(Unknown Source)
	at org.testng.internal.MethodInvocationHelper.invokeMethod(MethodInvocationHelper.java:86)
	at org.testng.internal.Invoker.invokeMethod(Invoker.java:645)
	at org.testng.internal.Invoker.invokeTestMethod(Invoker.java:822)
	at org.testng.internal.Invoker.invokeTestMethods(Invoker.java:1130)
	at org.testng.internal.TestMethodWorker.invokeTestMethods(TestMethodWorker.java:129)
	at org.testng.internal.TestMethodWorker.run(TestMethodWorker.java:112)
	at org.testng.TestRunner.privateRun(TestRunner.java:782)
	at org.testng.TestRunner.run(TestRunner.java:632)
	at org.testng.SuiteRunner.runTest(SuiteRunner.java:366)
	at org.testng.SuiteRunner.runSequentially(SuiteRunner.java:361)
	at org.testng.SuiteRunner.privateRun(SuiteRunner.java:319)
	at org.testng.SuiteRunner.run(SuiteRunner.java:268)
	at org.testng.SuiteRunnerWorker.runSuite(SuiteRunnerWorker.java:52)
	at org.testng.SuiteRunnerWorker.run(SuiteRunnerWorker.java:86)
	at org.testng.TestNG.runSuitesSequentially(TestNG.java:1244)
	at org.testng.TestNG.runSuitesLocally(TestNG.java:1169)
	at org.testng.TestNG.run(TestNG.java:1064)
	at org.testng.remote.RemoteTestNG.run(RemoteTestNG.java:113)
	at org.testng.remote.RemoteTestNG.initAndRun(RemoteTestNG.java:206)
	at org.testng.remote.RemoteTestNG.main(RemoteTestNG.java:177)
]]>
            </full-stacktrace>
          </exception> <!-- org.openqa.selenium.NoSuchElementException -->
          <reporter-output>
          </reporter-output>
        </test-method> <!-- wish -->
        <test-method status="PASS" signature="closeBrowser()[pri:0, instance:com.scripts.AutoPractice.TESTAutoPracticeWishList@5315b42e]" name="closeBrowser" is-config="true" duration-ms="1" started-at="2020-07-29T21:40:43Z" finished-at="2020-07-29T21:40:43Z">
          <reporter-output>
          </reporter-output>
        </test-method> <!-- closeBrowser -->
      </class> <!-- com.scripts.AutoPractice.TESTAutoPracticeWishList -->
      <class name="com.scripts.AutoPractice.TESTAutoPracticeOrder">
        <test-method status="PASS" signature="openBrowser()[pri:0, instance:com.scripts.AutoPractice.TESTAutoPracticeOrder@62043840]" name="openBrowser" is-config="true" duration-ms="15319" started-at="2020-07-29T21:38:57Z" finished-at="2020-07-29T21:39:12Z">
          <reporter-output>
          </reporter-output>
        </test-method> <!-- openBrowser -->
        <test-method status="FAIL" signature="order()[pri:0, instance:com.scripts.AutoPractice.TESTAutoPracticeOrder@62043840]" name="order" duration-ms="64093" started-at="2020-07-29T21:39:12Z" finished-at="2020-07-29T21:40:16Z">
          <exception class="org.openqa.selenium.NoSuchElementException">
            <message>
              <![CDATA[no such element: Unable to locate element: {"method":"xpath","selector":"//div[@class='right-block']//span[.='More']"}
  (Session info: chrome=83.0.4103.116)
  (Driver info: chromedriver=83.0.4103.39 (ccbf011cb2d2b19b506d844400483861342c20cd-refs/branch-heads/4103@{#416}),platform=Windows NT 10.0.18362 x86_64) (WARNING: The server did not provide any stacktrace information)
Command duration or timeout: 20.08 seconds
For documentation on this error, please visit: http://seleniumhq.org/exceptions/no_such_element.html
Build info: version: '2.52.0', revision: '4c2593cfc3689a7fcd7be52549167e5ccc93ad28', time: '2016-02-11 11:22:43'
System info: host: 'DESKTOP-RT3F0M1', ip: '192.168.1.147', os.name: 'Windows 10', os.arch: 'amd64', os.version: '10.0', java.version: '1.8.0_211'
Driver info: org.openqa.selenium.chrome.ChromeDriver
Capabilities [{mobileEmulationEnabled=false, timeouts={implicit=0, pageLoad=300000, script=30000}, hasTouchScreen=false, platform=XP, acceptSslCerts=false, goog:chromeOptions={debuggerAddress=localhost:52307}, acceptInsecureCerts=false, webStorageEnabled=true, browserName=chrome, takesScreenshot=true, javascriptEnabled=true, setWindowRect=true, unexpectedAlertBehaviour=ignore, applicationCacheEnabled=false, rotatable=false, networkConnectionEnabled=false, chrome={chromedriverVersion=83.0.4103.39 (ccbf011cb2d2b19b506d844400483861342c20cd-refs/branch-heads/4103@{#416}), userDataDir=C:\Users\Sreya\AppData\Local\Temp\scoped_dir20708_641971690}, takesHeapSnapshot=true, pageLoadStrategy=normal, strictFileInteractability=false, databaseEnabled=false, handlesAlerts=true, version=83.0.4103.116, browserConnectionEnabled=false, proxy={}, nativeEvents=true, locationContextEnabled=true, cssSelectorsEnabled=true, webauthn:virtualAuthenticators=true}]
Session ID: 37e0470f9d10d5c861e346d069d540d3
*** Element info: {Using=xpath, value=//div[@class='right-block']//span[.='More']}]]>
            </message>
            <full-stacktrace>
              <![CDATA[org.openqa.selenium.NoSuchElementException: no such element: Unable to locate element: {"method":"xpath","selector":"//div[@class='right-block']//span[.='More']"}
  (Session info: chrome=83.0.4103.116)
  (Driver info: chromedriver=83.0.4103.39 (ccbf011cb2d2b19b506d844400483861342c20cd-refs/branch-heads/4103@{#416}),platform=Windows NT 10.0.18362 x86_64) (WARNING: The server did not provide any stacktrace information)
Command duration or timeout: 20.08 seconds
For documentation on this error, please visit: http://seleniumhq.org/exceptions/no_such_element.html
Build info: version: '2.52.0', revision: '4c2593cfc3689a7fcd7be52549167e5ccc93ad28', time: '2016-02-11 11:22:43'
System info: host: 'DESKTOP-RT3F0M1', ip: '192.168.1.147', os.name: 'Windows 10', os.arch: 'amd64', os.version: '10.0', java.version: '1.8.0_211'
Driver info: org.openqa.selenium.chrome.ChromeDriver
Capabilities [{mobileEmulationEnabled=false, timeouts={implicit=0, pageLoad=300000, script=30000}, hasTouchScreen=false, platform=XP, acceptSslCerts=false, goog:chromeOptions={debuggerAddress=localhost:52307}, acceptInsecureCerts=false, webStorageEnabled=true, browserName=chrome, takesScreenshot=true, javascriptEnabled=true, setWindowRect=true, unexpectedAlertBehaviour=ignore, applicationCacheEnabled=false, rotatable=false, networkConnectionEnabled=false, chrome={chromedriverVersion=83.0.4103.39 (ccbf011cb2d2b19b506d844400483861342c20cd-refs/branch-heads/4103@{#416}), userDataDir=C:\Users\Sreya\AppData\Local\Temp\scoped_dir20708_641971690}, takesHeapSnapshot=true, pageLoadStrategy=normal, strictFileInteractability=false, databaseEnabled=false, handlesAlerts=true, version=83.0.4103.116, browserConnectionEnabled=false, proxy={}, nativeEvents=true, locationContextEnabled=true, cssSelectorsEnabled=true, webauthn:virtualAuthenticators=true}]
Session ID: 37e0470f9d10d5c861e346d069d540d3
*** Element info: {Using=xpath, value=//div[@class='right-block']//span[.='More']}
	at sun.reflect.NativeConstructorAccessorImpl.newInstance0(Native Method)
	at sun.reflect.NativeConstructorAccessorImpl.newInstance(Unknown Source)
	at sun.reflect.DelegatingConstructorAccessorImpl.newInstance(Unknown Source)
	at java.lang.reflect.Constructor.newInstance(Unknown Source)
	at org.openqa.selenium.remote.ErrorHandler.createThrowable(ErrorHandler.java:206)
	at org.openqa.selenium.remote.ErrorHandler.throwIfResponseFailed(ErrorHandler.java:158)
	at org.openqa.selenium.remote.RemoteWebDriver.execute(RemoteWebDriver.java:678)
	at org.openqa.selenium.remote.RemoteWebDriver.findElement(RemoteWebDriver.java:363)
	at org.openqa.selenium.remote.RemoteWebDriver.findElementByXPath(RemoteWebDriver.java:500)
	at org.openqa.selenium.By$ByXPath.findElement(By.java:361)
	at org.openqa.selenium.remote.RemoteWebDriver.findElement(RemoteWebDriver.java:355)
	at org.openqa.selenium.support.pagefactory.DefaultElementLocator.findElement(DefaultElementLocator.java:69)
	at org.openqa.selenium.support.pagefactory.internal.LocatingElementHandler.invoke(LocatingElementHandler.java:38)
	at com.sun.proxy.$Proxy6.click(Unknown Source)
	at com.pages.AutoPractice.POMAutoPracticeOrderPage.orderSubmit(POMAutoPracticeOrderPage.java:87)
	at com.scripts.AutoPractice.TESTAutoPracticeOrder.order(TESTAutoPracticeOrder.java:15)
	at sun.reflect.NativeMethodAccessorImpl.invoke0(Native Method)
	at sun.reflect.NativeMethodAccessorImpl.invoke(Unknown Source)
	at sun.reflect.DelegatingMethodAccessorImpl.invoke(Unknown Source)
	at java.lang.reflect.Method.invoke(Unknown Source)
	at org.testng.internal.MethodInvocationHelper.invokeMethod(MethodInvocationHelper.java:86)
	at org.testng.internal.Invoker.invokeMethod(Invoker.java:645)
	at org.testng.internal.Invoker.invokeTestMethod(Invoker.java:822)
	at org.testng.internal.Invoker.invokeTestMethods(Invoker.java:1130)
	at org.testng.internal.TestMethodWorker.invokeTestMethods(TestMethodWorker.java:129)
	at org.testng.internal.TestMethodWorker.run(TestMethodWorker.java:112)
	at org.testng.TestRunner.privateRun(TestRunner.java:782)
	at org.testng.TestRunner.run(TestRunner.java:632)
	at org.testng.SuiteRunner.runTest(SuiteRunner.java:366)
	at org.testng.SuiteRunner.runSequentially(SuiteRunner.java:361)
	at org.testng.SuiteRunner.privateRun(SuiteRunner.java:319)
	at org.testng.SuiteRunner.run(SuiteRunner.java:268)
	at org.testng.SuiteRunnerWorker.runSuite(SuiteRunnerWorker.java:52)
	at org.testng.SuiteRunnerWorker.run(SuiteRunnerWorker.java:86)
	at org.testng.TestNG.runSuitesSequentially(TestNG.java:1244)
	at org.testng.TestNG.runSuitesLocally(TestNG.java:1169)
	at org.testng.TestNG.run(TestNG.java:1064)
	at org.testng.remote.RemoteTestNG.run(RemoteTestNG.java:113)
	at org.testng.remote.RemoteTestNG.initAndRun(RemoteTestNG.java:206)
	at org.testng.remote.RemoteTestNG.main(RemoteTestNG.java:177)
]]>
            </full-stacktrace>
          </exception> <!-- org.openqa.selenium.NoSuchElementException -->
          <reporter-output>
          </reporter-output>
        </test-method> <!-- order -->
        <test-method status="PASS" signature="closeBrowser()[pri:0, instance:com.scripts.AutoPractice.TESTAutoPracticeOrder@62043840]" name="closeBrowser" is-config="true" duration-ms="0" started-at="2020-07-29T21:40:17Z" finished-at="2020-07-29T21:40:17Z">
          <reporter-output>
          </reporter-output>
        </test-method> <!-- closeBrowser -->
      </class> <!-- com.scripts.AutoPractice.TESTAutoPracticeOrder -->
      <class name="com.scripts.AutoPractice.TESTAutoPracticeMandatoryFields">
        <test-method status="PASS" signature="openBrowser()[pri:0, instance:com.scripts.AutoPractice.TESTAutoPracticeMandatoryFields@1e67b872]" name="openBrowser" is-config="true" duration-ms="10819" started-at="2020-07-29T21:41:26Z" finished-at="2020-07-29T21:41:37Z">
          <reporter-output>
          </reporter-output>
        </test-method> <!-- openBrowser -->
        <test-method status="PASS" signature="mandatory()[pri:0, instance:com.scripts.AutoPractice.TESTAutoPracticeMandatoryFields@1e67b872]" name="mandatory" duration-ms="13745" started-at="2020-07-29T21:41:37Z" finished-at="2020-07-29T21:41:51Z">
          <reporter-output>
          </reporter-output>
        </test-method> <!-- mandatory -->
        <test-method status="PASS" signature="closeBrowser()[pri:0, instance:com.scripts.AutoPractice.TESTAutoPracticeMandatoryFields@1e67b872]" name="closeBrowser" is-config="true" duration-ms="1" started-at="2020-07-29T21:41:51Z" finished-at="2020-07-29T21:41:51Z">
          <reporter-output>
          </reporter-output>
        </test-method> <!-- closeBrowser -->
      </class> <!-- com.scripts.AutoPractice.TESTAutoPracticeMandatoryFields -->
      <class name="com.scripts.AutoPractice.TESTAutoPracticeInvalidEmail">
        <test-method status="PASS" signature="openBrowser()[pri:0, instance:com.scripts.AutoPractice.TESTAutoPracticeInvalidEmail@60addb54]" name="openBrowser" is-config="true" duration-ms="13519" started-at="2020-07-29T21:41:51Z" finished-at="2020-07-29T21:42:04Z">
          <reporter-output>
          </reporter-output>
        </test-method> <!-- openBrowser -->
        <test-method status="PASS" signature="invalid()[pri:0, instance:com.scripts.AutoPractice.TESTAutoPracticeInvalidEmail@60addb54]" name="invalid" duration-ms="6137" started-at="2020-07-29T21:42:04Z" finished-at="2020-07-29T21:42:10Z">
          <reporter-output>
          </reporter-output>
        </test-method> <!-- invalid -->
        <test-method status="PASS" signature="closeBrowser()[pri:0, instance:com.scripts.AutoPractice.TESTAutoPracticeInvalidEmail@60addb54]" name="closeBrowser" is-config="true" duration-ms="0" started-at="2020-07-29T21:42:10Z" finished-at="2020-07-29T21:42:10Z">
          <reporter-output>
          </reporter-output>
        </test-method> <!-- closeBrowser -->
      </class> <!-- com.scripts.AutoPractice.TESTAutoPracticeInvalidEmail -->
      <class name="com.scripts.AutoPractice.TESTAutoPracticeSignIn">
        <test-method status="PASS" signature="openBrowser()[pri:0, instance:com.scripts.AutoPractice.TESTAutoPracticeSignIn@246ae04d]" name="openBrowser" is-config="true" duration-ms="12211" started-at="2020-07-29T21:38:37Z" finished-at="2020-07-29T21:38:49Z">
          <reporter-output>
          </reporter-output>
        </test-method> <!-- openBrowser -->
        <test-method status="PASS" signature="signin()[pri:0, instance:com.scripts.AutoPractice.TESTAutoPracticeSignIn@246ae04d]" name="signin" duration-ms="7872" started-at="2020-07-29T21:38:49Z" finished-at="2020-07-29T21:38:57Z">
          <reporter-output>
          </reporter-output>
        </test-method> <!-- signin -->
        <test-method status="PASS" signature="closeBrowser()[pri:0, instance:com.scripts.AutoPractice.TESTAutoPracticeSignIn@246ae04d]" name="closeBrowser" is-config="true" duration-ms="1" started-at="2020-07-29T21:38:57Z" finished-at="2020-07-29T21:38:57Z">
          <reporter-output>
          </reporter-output>
        </test-method> <!-- closeBrowser -->
      </class> <!-- com.scripts.AutoPractice.TESTAutoPracticeSignIn -->
      <class name="com.scripts.AutoPractice.TESTAutoPracticeSearchProduct">
        <test-method status="PASS" signature="openBrowser()[pri:0, instance:com.scripts.AutoPractice.TESTAutoPracticeSearchProduct@2ef9b8bc]" name="openBrowser" is-config="true" duration-ms="12963" started-at="2020-07-29T21:40:43Z" finished-at="2020-07-29T21:40:56Z">
          <reporter-output>
          </reporter-output>
        </test-method> <!-- openBrowser -->
        <test-method status="PASS" signature="search()[pri:0, instance:com.scripts.AutoPractice.TESTAutoPracticeSearchProduct@2ef9b8bc]" name="search" duration-ms="3087" started-at="2020-07-29T21:40:56Z" finished-at="2020-07-29T21:40:59Z">
          <reporter-output>
          </reporter-output>
        </test-method> <!-- search -->
        <test-method status="PASS" signature="closeBrowser()[pri:0, instance:com.scripts.AutoPractice.TESTAutoPracticeSearchProduct@2ef9b8bc]" name="closeBrowser" is-config="true" duration-ms="1" started-at="2020-07-29T21:40:59Z" finished-at="2020-07-29T21:40:59Z">
          <reporter-output>
          </reporter-output>
        </test-method> <!-- closeBrowser -->
      </class> <!-- com.scripts.AutoPractice.TESTAutoPracticeSearchProduct -->
    </test> <!-- Test -->
  </suite> <!-- Suite -->
</testng-results>
